#! /usr/local/Cellar/icarus-verilog/12.0/bin/vvp
:ivl_version "12.0 (stable)";
:ivl_delay_selection "TYPICAL";
:vpi_time_precision - 12;
:vpi_module "/usr/local/Cellar/icarus-verilog/12.0/lib/ivl/system.vpi";
:vpi_module "/usr/local/Cellar/icarus-verilog/12.0/lib/ivl/vhdl_sys.vpi";
:vpi_module "/usr/local/Cellar/icarus-verilog/12.0/lib/ivl/vhdl_textio.vpi";
:vpi_module "/usr/local/Cellar/icarus-verilog/12.0/lib/ivl/v2005_math.vpi";
:vpi_module "/usr/local/Cellar/icarus-verilog/12.0/lib/ivl/va_math.vpi";
S_0x7fb6137040e0 .scope module, "testbench" "testbench" 2 4;
 .timescale -12 -12;
L_0x7fb614363008 .functor BUFT 1, C4<000>, C4<0>, C4<0>, C4<0>;
v0x7fb6141052d0_0 .net *"_ivl_3", 2 0, L_0x7fb614363008;  1 drivers
v0x7fb614105390_0 .var "battery_tb", 0 0;
v0x7fb614105430_0 .net "led_tb", 0 0, L_0x7fb614105d70;  1 drivers
L_0x7fb614105ee0 .concat [ 1 3 0 0], v0x7fb614105390_0, L_0x7fb614363008;
S_0x7fb613704260 .scope begin, "TEST_CASE" "TEST_CASE" 2 22, 2 22 0, S_0x7fb6137040e0;
 .timescale -12 -12;
S_0x7fb613704430 .scope module, "uut" "identificador_descarga" 2 10, 3 6 0, S_0x7fb6137040e0;
 .timescale -12 -12;
    .port_info 0 /INPUT 4 "X";
    .port_info 1 /OUTPUT 1 "Y";
L_0x7fb6141055a0 .functor NOT 1, L_0x7fb6141054c0, C4<0>, C4<0>, C4<0>;
L_0x7fb614105750 .functor NOT 1, L_0x7fb614105670, C4<0>, C4<0>, C4<0>;
L_0x7fb614105800 .functor AND 1, L_0x7fb6141055a0, L_0x7fb614105750, C4<1>, C4<1>;
L_0x7fb6141059d0 .functor NOT 1, L_0x7fb614105910, C4<0>, C4<0>, C4<0>;
L_0x7fb614105aa0 .functor AND 1, L_0x7fb614105800, L_0x7fb6141059d0, C4<1>, C4<1>;
L_0x7fb614105d00 .functor NOT 1, L_0x7fb614105be0, C4<0>, C4<0>, C4<0>;
L_0x7fb614105d70 .functor AND 1, L_0x7fb614105aa0, L_0x7fb614105d00, C4<1>, C4<1>;
v0x7fb613704630_0 .net "X", 3 0, L_0x7fb614105ee0;  1 drivers
v0x7fb614104a60_0 .net "Y", 0 0, L_0x7fb614105d70;  alias, 1 drivers
v0x7fb614104b10_0 .net *"_ivl_1", 0 0, L_0x7fb6141054c0;  1 drivers
v0x7fb614104bd0_0 .net *"_ivl_11", 0 0, L_0x7fb614105910;  1 drivers
v0x7fb614104c80_0 .net *"_ivl_12", 0 0, L_0x7fb6141059d0;  1 drivers
v0x7fb614104d70_0 .net *"_ivl_14", 0 0, L_0x7fb614105aa0;  1 drivers
v0x7fb614104e20_0 .net *"_ivl_17", 0 0, L_0x7fb614105be0;  1 drivers
v0x7fb614104ed0_0 .net *"_ivl_18", 0 0, L_0x7fb614105d00;  1 drivers
v0x7fb614104f80_0 .net *"_ivl_2", 0 0, L_0x7fb6141055a0;  1 drivers
v0x7fb614105090_0 .net *"_ivl_5", 0 0, L_0x7fb614105670;  1 drivers
v0x7fb614105140_0 .net *"_ivl_6", 0 0, L_0x7fb614105750;  1 drivers
v0x7fb6141051f0_0 .net *"_ivl_8", 0 0, L_0x7fb614105800;  1 drivers
L_0x7fb6141054c0 .part L_0x7fb614105ee0, 3, 1;
L_0x7fb614105670 .part L_0x7fb614105ee0, 2, 1;
L_0x7fb614105910 .part L_0x7fb614105ee0, 1, 1;
L_0x7fb614105be0 .part L_0x7fb614105ee0, 0, 1;
    .scope S_0x7fb6137040e0;
T_0 ;
    %pushi/vec4 1, 0, 1;
    %store/vec4 v0x7fb614105390_0, 0, 1;
    %delay 10, 0;
    %pushi/vec4 0, 0, 1;
    %store/vec4 v0x7fb614105390_0, 0, 1;
    %end;
    .thread T_0;
    .scope S_0x7fb6137040e0;
T_1 ;
    %fork t_1, S_0x7fb613704260;
    %jmp t_0;
    .scope S_0x7fb613704260;
t_1 ;
    %vpi_call 2 23 "$dumpfile", "testbench.vcd" {0 0 0};
    %vpi_call 2 24 "$dumpvars", 32'sb11111111111111111111111111111111, S_0x7fb613704430 {0 0 0};
    %delay 20, 0;
    %vpi_call 2 25 "$finish" {0 0 0};
    %end;
    .scope S_0x7fb6137040e0;
t_0 %join;
    %end;
    .thread T_1;
# The file index is used to find the file name in the following table.
:file_names 4;
    "N/A";
    "<interactive>";
    "identificador_descarga_TB.v";
    "/Users/amoralesma/Desktop/Digital-G5/lab2/identificador_descarga.v";
